<?xml version="1.0" encoding="utf-8"?>
<coverage line-rate="0.5" branch-rate="0.3333" lines-covered="4" lines-valid="8" branches-covered="2" branches-valid="6" complexity="4" version="1.0">
  <packages>
    <package name="Contoso.Risk" line-rate="0.5" branch-rate="0.3333" complexity="4">
      <classes>
        <class name="Contoso.Risk.AsyncProcessor/&lt;ProcessAsync&gt;d__0" filename="AsyncProcessor.cs" line-rate="0.5" branch-rate="0.3333" complexity="4">
          <methods>
            <method name="MoveNext" signature="()" line-rate="0.5" branch-rate="0.3333" complexity="4">
              <lines>
                <line number="9" hits="1" branch="false" />
                <line number="11" hits="1" branch="true" condition-coverage="50% (1/2)" />
                <line number="12" hits="1" branch="false" />
                <line number="14" hits="1" branch="false" />
                <line number="16" hits="0" branch="true" condition-coverage="25% (1/4)" />
                <line number="17" hits="0" branch="false" />
                <line number="19" hits="0" branch="false" />
                <line number="21" hits="0" branch="false" />
              </lines>
            </method>
          </methods>
          <lines>
            <line number="9" hits="1" branch="false" />
            <line number="11" hits="1" branch="true" condition-coverage="50% (1/2)" />
            <line number="12" hits="1" branch="false" />
            <line number="14" hits="1" branch="false" />
            <line number="16" hits="0" branch="true" condition-coverage="25% (1/4)" />
            <line number="17" hits="0" branch="false" />
            <line number="19" hits="0" branch="false" />
            <line number="21" hits="0" branch="false" />
          </lines>
        </class>
      </classes>
    </package>
  </packages>
</coverage>
