<?xml version='1.0' encoding='utf-8'?>
<coverage line-rate="0.47" branch-rate="0.44" version="1.0" timestamp="1712437200" lines-covered="22" lines-valid="47" branches-covered="7" branches-valid="16">
  <packages>
    <package name="ContosoUniversity.Services" line-rate="0.47" branch-rate="0.44" complexity="18">
      <classes>
        <class name="ContosoUniversity.Services.StudentService" filename="ContosoUniversity/StudentService.cs" line-rate="0.47" branch-rate="0.44" complexity="18">
          <methods>
            <method name="Enroll" signature="(System.String,System.String,System.Int32)" line-rate="0.75" branch-rate="0.67" complexity="6">
              <lines>
                <line number="13" hits="3" branch="true" condition-coverage="100% (2/2)" />
                <line number="14" hits="1" branch="false" />
                <line number="16" hits="2" branch="true" condition-coverage="50% (1/2)" />
                <line number="17" hits="0" branch="false" />
                <line number="19" hits="2" branch="false" />
                <line number="20" hits="2" branch="false" />
                <line number="22" hits="2" branch="true" condition-coverage="50% (1/2)" />
                <line number="23" hits="0" branch="false" />
                <line number="25" hits="2" branch="false" />
                <line number="26" hits="2" branch="false" />
                <line number="27" hits="2" branch="false" />
                <line number="28" hits="2" branch="false" />
                <line number="29" hits="2" branch="false" />
                <line number="30" hits="2" branch="false" />
                <line number="32" hits="0" branch="false" />
                <line number="33" hits="0" branch="false" />
              </lines>
            </method>
            <method name="CalculateGpa" signature="(System.Int32,System.Collections.Generic.List`1&lt;ContosoUniversity.Services.Grade&gt;)" line-rate="0.25" branch-rate="0.25" complexity="10">
              <lines>
                <line number="45" hits="1" branch="false" />
                <line number="46" hits="1" branch="true" condition-coverage="50% (1/2)" />
                <line number="47" hits="1" branch="false" />
                <line number="49" hits="1" branch="true" condition-coverage="50% (1/2)" />
                <line number="50" hits="1" branch="false" />
                <line number="52" hits="1" branch="false" />
                <line number="53" hits="0" branch="false" />
                <line number="54" hits="0" branch="false" />
                <line number="56" hits="0" branch="false" />
                <line number="57" hits="0" branch="true" condition-coverage="0% (0/2)" />
                <line number="58" hits="0" branch="false" />
                <line number="59" hits="0" branch="false" />
                <line number="61" hits="0" branch="false" />
                <line number="62" hits="0" branch="false" />
                <line number="63" hits="0" branch="false" />
                <line number="64" hits="0" branch="false" />
                <line number="65" hits="0" branch="false" />
                <line number="66" hits="0" branch="false" />
                <line number="68" hits="0" branch="false" />
                <line number="69" hits="0" branch="false" />
                <line number="71" hits="0" branch="true" condition-coverage="0% (0/2)" />
                <line number="72" hits="0" branch="false" />
                <line number="74" hits="0" branch="false" />
                <line number="76" hits="0" branch="false" />
              </lines>
            </method>
            <method name="FindById" signature="(System.Int32)" line-rate="1.00" branch-rate="1.0" complexity="1">
              <lines>
                <line number="101" hits="4" branch="false" />
              </lines>
            </method>
            <method name="Search" signature="(System.String)" line-rate="0.50" branch-rate="0.50" complexity="2">
              <lines>
                <line number="109" hits="1" branch="true" condition-coverage="50% (1/2)" />
                <line number="110" hits="1" branch="false" />
                <line number="112" hits="1" branch="false" />
                <line number="113" hits="0" branch="false" />
                <line number="114" hits="0" branch="false" />
                <line number="115" hits="0" branch="false" />
              </lines>
            </method>
          </methods>
        </class>
      </classes>
    </package>
  </packages>
</coverage>