<?xml version='1.0' encoding='utf-8'?>
<coverage line-rate="0.61" branch-rate="0.50" version="1.0" timestamp="1700000000">
  <packages>
    <package name="MyApp" line-rate="0.61" branch-rate="0.50" complexity="26">
      <classes>
        <class name="MyApp.OrderService" filename="OrderService.cs" line-rate="0.61" branch-rate="0.50" complexity="26">
          <methods>
            <method name="ProcessOrder" signature="(MyApp.Order)" line-rate="0.45" branch-rate="0.30" complexity="10">
              <lines>
                <line number="17" hits="5" />
                <line number="18" hits="5" />
                <line number="20" hits="5" />
                <line number="21" hits="2" />
                <line number="23" hits="3" />
                <line number="24" hits="3" />
                <line number="26" hits="3" />
                <line number="27" hits="0" />
                <line number="28" hits="0" />
                <line number="30" hits="3" />
                <line number="31" hits="3" />
                <line number="34" hits="0" />
                <line number="35" hits="0" />
                <line number="37" hits="0" />
                <line number="38" hits="0" />
                <line number="39" hits="0" />
                <line number="41" hits="0" />
                <line number="42" hits="0" />
                <line number="43" hits="0" />
                <line number="45" hits="0" />
              </lines>
            </method>
            <method name="CalculateTotal" signature="(System.Collections.Generic.List`1&lt;MyApp.OrderItem&gt;)" line-rate="1.00" branch-rate="1.0" complexity="6">
              <lines>
                <line number="51" hits="10" />
                <line number="52" hits="10" />
                <line number="54" hits="8" />
                <line number="55" hits="8" />
                <line number="57" hits="8" />
                <line number="58" hits="6" />
                <line number="60" hits="8" />
              </lines>
            </method>
            <method name="GetOrderStatus" signature="(System.Int32)" line-rate="0.56" branch-rate="0.40" complexity="7">
              <lines>
                <line number="65" hits="4" />
                <line number="66" hits="4" />
                <line number="67" hits="1" />
                <line number="69" hits="3" />
                <line number="72" hits="2" />
                <line number="73" hits="0" />
                <line number="74" hits="0" />
                <line number="75" hits="0" />
                <line number="76" hits="0" />
              </lines>
            </method>
            <method name="CancelOrder" signature="(System.Int32)" line-rate="0.80" branch-rate="0.50" complexity="3">
              <lines>
                <line number="82" hits="3" />
                <line number="83" hits="3" />
                <line number="85" hits="2" />
                <line number="86" hits="2" />
                <line number="87" hits="0" />
              </lines>
            </method>
          </methods>
        </class>
      </classes>
    </package>
  </packages>
</coverage>