<?xml version='1.0' encoding='utf-8'?>
<coverage line-rate="0.60" branch-rate="0.31" version="1.0" timestamp="1712437200" lines-covered="25" lines-valid="42" branches-covered="5" branches-valid="16">
  <packages>
    <package name="Contoso.Billing" line-rate="0.60" branch-rate="0.31" complexity="14">
      <classes>
        <class name="Contoso.Billing.InvoiceService" filename="Contoso.Billing/InvoiceService.cs" line-rate="0.64" branch-rate="0.40" complexity="8">
          <methods>
            <method name="Calculate" signature="(System.Collections.Generic.IReadOnlyList`1&lt;System.Decimal&gt;,System.String,System.Boolean)" line-rate="0.58" branch-rate="0.50" complexity="4">
              <lines>
                <line number="13" hits="4" branch="false" />
                <line number="14" hits="4" branch="false" />
                <line number="15" hits="4" branch="true" condition-coverage="100% (2/2)" />
                <line number="17" hits="4" branch="false" />
                <line number="18" hits="4" branch="false" />
                <line number="20" hits="4" branch="true" condition-coverage="50% (1/2)" />
                <line number="22" hits="4" branch="false" />
                <line number="25" hits="0" branch="true" condition-coverage="0% (0/2)" />
                <line number="27" hits="0" branch="false" />
                <line number="30" hits="0" branch="false" />
                <line number="31" hits="0" branch="false" />
                <line number="32" hits="0" branch="false" />
              </lines>
            </method>
            <method name="Validate" signature="(System.String,System.Decimal)" line-rate="0.43" branch-rate="0.25" complexity="3">
              <lines>
                <line number="35" hits="2" branch="false" />
                <line number="36" hits="2" branch="true" condition-coverage="50% (1/2)" />
                <line number="38" hits="2" branch="false" />
                <line number="41" hits="0" branch="true" condition-coverage="0% (0/2)" />
                <line number="43" hits="0" branch="false" />
                <line number="46" hits="0" branch="false" />
                <line number="47" hits="0" branch="false" />
              </lines>
            </method>
            <method name="Format" signature="(Contoso.Billing.InvoiceTotals)" line-rate="1.00" branch-rate="1.0" complexity="1">
              <lines>
                <line number="50" hits="3" branch="false" />
                <line number="51" hits="3" branch="false" />
                <line number="52" hits="3" branch="false" />
                <line number="53" hits="3" branch="false" />
                <line number="54" hits="3" branch="false" />
                <line number="55" hits="3" branch="false" />
              </lines>
            </method>
          </methods>
        </class>
        <class name="Contoso.Billing.TaxService" filename="Contoso.Billing/TaxService.cs" line-rate="0.53" branch-rate="0.17" complexity="6">
          <methods>
            <method name="Resolve" signature="(System.String,System.Decimal)" line-rate="0.67" branch-rate="0.25" complexity="3">
              <lines>
                <line number="8" hits="5" branch="false" />
                <line number="9" hits="5" branch="false" />
                <line number="10" hits="5" branch="true" condition-coverage="50% (1/2)" />
                <line number="12" hits="5" branch="false" />
                <line number="14" hits="0" branch="true" condition-coverage="0% (0/2)" />
                <line number="16" hits="0" branch="false" />
                <line number="20" hits="0" branch="false" />
                <line number="23" hits="5" branch="false" />
                <line number="24" hits="5" branch="false" />
              </lines>
            </method>
            <method name="Apply" signature="(System.Decimal,System.Decimal)" line-rate="0.00" branch-rate="0.0" complexity="2">
              <lines>
                <line number="27" hits="0" branch="false" />
                <line number="28" hits="0" branch="true" condition-coverage="0% (0/2)" />
                <line number="30" hits="0" branch="false" />
                <line number="33" hits="0" branch="false" />
                <line number="34" hits="0" branch="false" />
              </lines>
            </method>
            <method name="Round" signature="(System.Decimal)" line-rate="1.00" branch-rate="1.0" complexity="1">
              <lines>
                <line number="37" hits="5" branch="false" />
                <line number="38" hits="5" branch="false" />
                <line number="39" hits="5" branch="false" />
              </lines>
            </method>
          </methods>
        </class>
      </classes>
    </package>
  </packages>
</coverage>
